<?xml version="1.0" encoding="UTF-8"?>
<testng-results skipped="0" failed="0" ignored="0" total="2" passed="2">
  <reporter-output>
  </reporter-output>
  <suite name="Suite" duration-ms="34877" started-at="2018-10-04T18:56:54Z" finished-at="2018-10-04T18:57:29Z">
    <groups>
    </groups>
    <test name="Test1" duration-ms="29742" started-at="2018-10-04T18:56:54Z" finished-at="2018-10-04T18:57:24Z">
      <class name="TestngEx.MultiBrowser">
        <test-method status="PASS" signature="url(java.lang.String)[pri:0, instance:TestngEx.MultiBrowser@2353b3e6]" name="url" is-config="true" duration-ms="25321" started-at="2018-10-04T18:56:54Z" finished-at="2018-10-04T18:57:20Z">
          <params>
            <param index="0">
              <value>
                <![CDATA[firefox]]>
              </value>
            </param>
          </params>
          <reporter-output>
          </reporter-output>
        </test-method> <!-- url -->
        <test-method status="PASS" signature="google()[pri:0, instance:TestngEx.MultiBrowser@2353b3e6]" name="google" duration-ms="4410" started-at="2018-10-04T18:57:20Z" finished-at="2018-10-04T18:57:24Z">
          <reporter-output>
          </reporter-output>
        </test-method> <!-- google -->
      </class> <!-- TestngEx.MultiBrowser -->
    </test> <!-- Test1 -->
    <test name="Test" duration-ms="34877" started-at="2018-10-04T18:56:54Z" finished-at="2018-10-04T18:57:29Z">
      <class name="TestngEx.MultiBrowser">
        <test-method status="PASS" signature="url(java.lang.String)[pri:0, instance:TestngEx.MultiBrowser@4232c52b]" name="url" is-config="true" duration-ms="5634" started-at="2018-10-04T18:56:54Z" finished-at="2018-10-04T18:57:00Z">
          <params>
            <param index="0">
              <value>
                <![CDATA[chrome]]>
              </value>
            </param>
          </params>
          <reporter-output>
          </reporter-output>
        </test-method> <!-- url -->
        <test-method status="PASS" signature="google()[pri:0, instance:TestngEx.MultiBrowser@4232c52b]" name="google" duration-ms="29222" started-at="2018-10-04T18:57:00Z" finished-at="2018-10-04T18:57:29Z">
          <reporter-output>
          </reporter-output>
        </test-method> <!-- google -->
      </class> <!-- TestngEx.MultiBrowser -->
    </test> <!-- Test -->
  </suite> <!-- Suite -->
</testng-results>
