<?xml version="1.0" encoding="UTF-8"?>
<testng-results skipped="0" failed="0" ignored="0" total="1" passed="1">
  <reporter-output>
  </reporter-output>
  <suite name="Failed suite [Suite]" duration-ms="53" started-at="2018-09-24T12:23:51Z" finished-at="2018-09-24T12:23:51Z">
    <groups>
    </groups>
    <test name="Test(failed)" duration-ms="53" started-at="2018-09-24T12:23:51Z" finished-at="2018-09-24T12:23:51Z">
      <class name="TestngEx.ParameterEx">
        <test-method status="PASS" signature="login(java.lang.String)[pri:0, instance:TestngEx.ParameterEx@33f88ab]" name="login" duration-ms="16" started-at="2018-09-24T12:23:51Z" finished-at="2018-09-24T12:23:51Z">
          <params>
            <param index="0">
              <value>
                <![CDATA[sweet]]>
              </value>
            </param>
          </params>
          <reporter-output>
          </reporter-output>
        </test-method> <!-- login -->
      </class> <!-- TestngEx.ParameterEx -->
    </test> <!-- Test(failed) -->
  </suite> <!-- Failed suite [Suite] -->
</testng-results>
