<?xml version="1.0" encoding="UTF-8"?>
<!-- Generated by org.testng.reporters.JUnitXMLReporter -->
<testsuite hostname="ASHU" ignored="1" name="Default test" tests="2" failures="0" timestamp="24 Sep 2018 12:10:55 GMT" time="0.065" errors="0">
  <testcase name="m" time="0.012" classname="TestngEx.IgnoreEx"/>
  <testcase name="o" time="0.0" classname="TestngEx.IgnoreEx"/>
  <testcase name="n" time="0.0" classname="TestngEx.IgnoreEx">
    <ignored/>
  </testcase> <!-- n -->
</testsuite> <!-- Default test -->
