<?xml version="1.0" encoding="UTF-8"?>
<!-- Generated by org.testng.reporters.JUnitXMLReporter -->
<testsuite hostname="ASHU" ignored="2" name="Default test(failed)" tests="1" failures="0" timestamp="04 Oct 2018 18:25:38 GMT" time="0.055" errors="0">
  <testcase name="t3" time="0.019" classname="TestngEx.Retryfail"/>
  <testcase name="t2" time="0.0" classname="TestngEx.Retryfail">
    <ignored/>
  </testcase> <!-- t2 -->
  <testcase name="t1" time="0.0" classname="TestngEx.Retryfail">
    <ignored/>
  </testcase> <!-- t1 -->
</testsuite> <!-- Default test(failed) -->
